[2025-07-24 17:48:22,970] INFO in app: Logging enabled.
[2025-07-24 17:48:24,723] INFO in app: Logging enabled.
[2025-07-24 17:48:29,857] INFO in app: Request: OPTIONS /confess | Body: 
[2025-07-24 17:48:29,857] INFO in app: Response: OPTIONS /confess | Status: 200
[2025-07-24 17:48:30,126] INFO in app: Request: POST /confess | Body: {"to":"0xF93AAc54614A568A24Afbb9BD043d15358D2476A","title":"hello","message":"lover"}
[2025-07-24 17:48:33,833] INFO in app: Response: POST /confess | Status: 500
[2025-07-24 17:48:38,651] INFO in app: Request: OPTIONS /confess | Body: 
[2025-07-24 17:48:38,654] INFO in app: Response: OPTIONS /confess | Status: 200
[2025-07-24 17:48:38,973] INFO in app: Request: POST /confess | Body: {"to":"0xF93AAc54614A568A24Afbb9BD043d15358D2476A","title":"hello","message":"lover"}
[2025-07-24 17:48:41,962] INFO in app: Response: POST /confess | Status: 500
[2025-07-24 17:55:48,333] INFO in app: Logging enabled.
[2025-07-24 17:55:54,120] INFO in app: Request: OPTIONS /confess | Body: 
[2025-07-24 17:55:54,121] INFO in app: Response: OPTIONS /confess | Status: 200
[2025-07-24 17:55:54,383] INFO in app: Request: POST /confess | Body: {"to":"0xF93AAc54614A568A24Afbb9BD043d15358D2476A","title":"hello","message":"lover"}
[2025-07-24 17:55:59,786] INFO in app: Response: POST /confess | Status: 500
[2025-07-24 18:01:33,896] INFO in app: Logging enabled.
[2025-07-24 18:01:44,683] INFO in app: Request: OPTIONS /confess | Body: 
[2025-07-24 18:01:44,683] INFO in app: Response: OPTIONS /confess | Status: 200
[2025-07-24 18:01:44,935] INFO in app: Request: POST /confess | Body: {"to":"0xF93AAc54614A568A24Afbb9BD043d15358D2476A","title":"hello","message":"lover"}
[2025-07-24 18:01:46,465] INFO in app: Response: POST /confess | Status: 500
[2025-07-24 18:02:18,343] INFO in app: Logging enabled.
[2025-07-24 18:02:24,066] INFO in app: Request: OPTIONS /confess | Body: 
[2025-07-24 18:02:24,075] INFO in app: Response: OPTIONS /confess | Status: 200
[2025-07-24 18:02:24,309] INFO in app: Request: POST /confess | Body: {"to":"0xF93AAc54614A568A24Afbb9BD043d15358D2476A","title":"hello","message":"lover"}
[2025-07-24 18:02:28,326] INFO in app: Confession sent from 0xF93AAc54614A568A24Afbb9BD043d15358D2476A to 0xF93AAc54614A568A24Afbb9BD043d15358D2476A
[2025-07-24 18:02:28,330] INFO in app: Response: POST /confess | Status: 201
[2025-07-24 18:02:45,543] INFO in app: Request: OPTIONS /register_marriage | Body: 
[2025-07-24 18:02:45,547] INFO in app: Response: OPTIONS /register_marriage | Status: 200
[2025-07-24 18:02:45,868] INFO in app: Request: POST /register_marriage | Body: {"partner":"0xF93AAc54614A568A24Afbb9BD043d15358D2476A"}
[2025-07-24 18:02:48,295] INFO in app: Response: POST /register_marriage | Status: 201
[2025-07-24 18:02:51,600] INFO in app: Request: OPTIONS /loyalty_interaction | Body: 
[2025-07-24 18:02:51,601] INFO in app: Response: OPTIONS /loyalty_interaction | Status: 200
[2025-07-24 18:02:51,920] INFO in app: Request: POST /loyalty_interaction | Body: {"partner":"0xF93AAc54614A568A24Afbb9BD043d15358D2476A"}
[2025-07-24 18:02:53,933] INFO in app: Response: POST /loyalty_interaction | Status: 500
[2025-07-24 18:03:02,330] INFO in app: Request: GET /confessions | Body: 
[2025-07-24 18:03:05,081] INFO in app: Response: GET /confessions | Status: 200
